Build output check failed:
    Regex: 'unknown .*option'
    Output line: 'warning: unknown warning option '-Wno-maybe-uninitialized', did you mean '-Wno-uninitialized'? [-Wunknown-warning-option]'
Compilation failed:
    source file: '/home/user/hostapp/.buildozer/android/platform/build-arm64-v8a_armeabi-v7a/build/other_builds/opencv/arm64-v8a__ndk_target_24/opencv/build/CMakeFiles/CMakeTmp/src.c'
    check option: ' -Wno-maybe-uninitialized'
===== BUILD LOG =====
Change Dir: '/home/user/hostapp/.buildozer/android/platform/build-arm64-v8a_armeabi-v7a/build/other_builds/opencv/arm64-v8a__ndk_target_24/opencv/build/CMakeFiles/CMakeTmp'

Run Build Command(s): /usr/bin/cmake -E env VERBOSE=1 /usr/bin/gmake -f Makefile cmTC_05a6c/fast
make -j8  -f CMakeFiles/cmTC_05a6c.dir/build.make CMakeFiles/cmTC_05a6c.dir/build
make[1]: Entering directory '/home/user/hostapp/.buildozer/android/platform/build-arm64-v8a_armeabi-v7a/build/other_builds/opencv/arm64-v8a__ndk_target_24/opencv/build/CMakeFiles/CMakeTmp'
Building C object CMakeFiles/cmTC_05a6c.dir/src.c.o
/home/user/.buildozer/android/platform/android-ndk-r25b/toolchains/llvm/prebuilt/linux-x86_64/bin/clang --target=aarch64-none-linux-android24 --sysroot=/home/user/.buildozer/android/platform/android-ndk-r25b/toolchains/llvm/prebuilt/linux-x86_64/sysroot   -g -DANDROID -fdata-sections -ffunction-sections -funwind-tables -fstack-protector-strong -no-canonical-prefixes -D_FORTIFY_SOURCE=2 -Wformat -Werror=format-security    -fsigned-char -W -Wall -Werror=return-type -Werror=non-virtual-dtor -Werror=address -Werror=sequence-point -Wformat -Werror=format-security -Wstrict-prototypes -Winit-self -Wpointer-arith -Wsign-promo -Wuninitialized -Winconsistent-missing-override -Wno-delete-non-virtual-dtor -Wno-unnamed-type-template-args -Wno-comment -Wno-deprecated-enum-enum-conversion -Wno-deprecated-anon-enum-enum-conversion -fdiagnostics-show-option -Qunused-arguments -ffunction-sections -fdata-sections    -fvisibility=hidden -fvisibility-inlines-hidden -Wno-unused-but-set-variable -Wno-missing-prototypes -Wno-missing-declarations -Wno-undef -Wno-unused -Wno-sign-compare -Wno-cast-align -Wno-shadow  -O3 -DNDEBUG   -DNDEBUG -fPIE    -Wno-maybe-uninitialized -MD -MT CMakeFiles/cmTC_05a6c.dir/src.c.o -MF CMakeFiles/cmTC_05a6c.dir/src.c.o.d -o CMakeFiles/cmTC_05a6c.dir/src.c.o -c /home/user/hostapp/.buildozer/android/platform/build-arm64-v8a_armeabi-v7a/build/other_builds/opencv/arm64-v8a__ndk_target_24/opencv/build/CMakeFiles/CMakeTmp/src.c
warning: unknown warning option '-Wno-maybe-uninitialized'; did you mean '-Wno-uninitialized'? [-Wunknown-warning-option]
/home/user/hostapp/.buildozer/android/platform/build-arm64-v8a_armeabi-v7a/build/other_builds/opencv/arm64-v8a__ndk_target_24/opencv/build/CMakeFiles/CMakeTmp/src.c:1:8: warning: unknown pragma ignored [-Wunknown-pragmas]
#pragma
       ^
2 warnings generated.
Linking C executable cmTC_05a6c
/usr/bin/cmake -E cmake_link_script CMakeFiles/cmTC_05a6c.dir/link.txt --verbose=1
/home/user/.buildozer/android/platform/android-ndk-r25b/toolchains/llvm/prebuilt/linux-x86_64/bin/clang --target=aarch64-none-linux-android24 --sysroot=/home/user/.buildozer/android/platform/android-ndk-r25b/toolchains/llvm/prebuilt/linux-x86_64/sysroot -g -DANDROID -fdata-sections -ffunction-sections -funwind-tables -fstack-protector-strong -no-canonical-prefixes -D_FORTIFY_SOURCE=2 -Wformat -Werror=format-security    -fsigned-char -W -Wall -Werror=return-type -Werror=non-virtual-dtor -Werror=address -Werror=sequence-point -Wformat -Werror=format-security -Wstrict-prototypes -Winit-self -Wpointer-arith -Wsign-promo -Wuninitialized -Winconsistent-missing-override -Wno-delete-non-virtual-dtor -Wno-unnamed-type-template-args -Wno-comment -Wno-deprecated-enum-enum-conversion -Wno-deprecated-anon-enum-enum-conversion -fdiagnostics-show-option -Qunused-arguments -ffunction-sections -fdata-sections    -fvisibility=hidden -fvisibility-inlines-hidden -Wno-unused-but-set-variable -Wno-missing-prototypes -Wno-missing-declarations -Wno-undef -Wno-unused -Wno-sign-compare -Wno-cast-align -Wno-shadow  -O3 -DNDEBUG   -DNDEBUG -static-libstdc++ -Wl,--build-id=sha1 -Wl,--no-rosegment -Wl,--fatal-warnings -Wl,--gc-sections -Wl,--no-undefined -Qunused-arguments -Wl,--gc-sections   -Wl,--gc-sections -Wl,--as-needed  CMakeFiles/cmTC_05a6c.dir/src.c.o -o cmTC_05a6c  -latomic -lm 
make[1]: Leaving directory '/home/user/hostapp/.buildozer/android/platform/build-arm64-v8a_armeabi-v7a/build/other_builds/opencv/arm64-v8a__ndk_target_24/opencv/build/CMakeFiles/CMakeTmp'


===== END =====

